<?xml version="1.0" encoding="UTF-8"?>
<!-- Generated by org.testng.reporters.JUnitXMLReporter -->
<testsuite ignored="0" hostname="DESKTOP-NRLQRJU" failures="0" tests="3" name="Default test" time="0.101" errors="0" timestamp="2024-02-13T16:39:42 IST">
  <testcase classname="Pack.DataProvider1" name="testCase" time="0.011"/>
  <testcase classname="Pack.DataProvider1" name="testCase" time="0.006"/>
  <testcase classname="Pack.DataProvider1" name="testCase" time="0.002"/>
</testsuite> <!-- Default test -->
