<?xml version="1.0" encoding="UTF-8"?>
<testng-results ignored="0" total="3" passed="3" failed="0" skipped="0">
  <reporter-output>
  </reporter-output>
  <suite started-at="2024-02-13T16:39:42 IST" name="Default suite" finished-at="2024-02-13T16:39:42 IST" duration-ms="101">
    <groups>
    </groups>
    <test started-at="2024-02-13T16:39:42 IST" name="Default test" finished-at="2024-02-13T16:39:42 IST" duration-ms="101">
      <class name="Pack.DataProvider1">
        <test-method signature="testCase(java.lang.String,java.lang.String,java.lang.String)[pri:0, instance:Pack.DataProvider1@6c1a5b54]" started-at="2024-02-13T16:39:42 IST" name="testCase" data-provider="driveTest" finished-at="2024-02-13T16:39:42 IST" duration-ms="11" status="PASS">
          <params>
            <param index="0">
              <value>
                <![CDATA[hello]]>
              </value>
            </param>
            <param index="1">
              <value>
                <![CDATA[text]]>
              </value>
            </param>
            <param index="2">
              <value>
                <![CDATA[1]]>
              </value>
            </param>
          </params>
          <reporter-output>
          </reporter-output>
        </test-method> <!-- testCase -->
        <test-method signature="testCase(java.lang.String,java.lang.String,java.lang.String)[pri:0, instance:Pack.DataProvider1@6c1a5b54]" started-at="2024-02-13T16:39:42 IST" name="testCase" data-provider="driveTest" finished-at="2024-02-13T16:39:42 IST" duration-ms="6" status="PASS">
          <params>
            <param index="0">
              <value>
                <![CDATA[bye]]>
              </value>
            </param>
            <param index="1">
              <value>
                <![CDATA[message]]>
              </value>
            </param>
            <param index="2">
              <value>
                <![CDATA[143]]>
              </value>
            </param>
          </params>
          <reporter-output>
          </reporter-output>
        </test-method> <!-- testCase -->
        <test-method signature="testCase(java.lang.String,java.lang.String,java.lang.String)[pri:0, instance:Pack.DataProvider1@6c1a5b54]" started-at="2024-02-13T16:39:42 IST" name="testCase" data-provider="driveTest" finished-at="2024-02-13T16:39:42 IST" duration-ms="2" status="PASS">
          <params>
            <param index="0">
              <value>
                <![CDATA[solo]]>
              </value>
            </param>
            <param index="1">
              <value>
                <![CDATA[call]]>
              </value>
            </param>
            <param index="2">
              <value>
                <![CDATA[453]]>
              </value>
            </param>
          </params>
          <reporter-output>
          </reporter-output>
        </test-method> <!-- testCase -->
      </class> <!-- Pack.DataProvider1 -->
    </test> <!-- Default test -->
  </suite> <!-- Default suite -->
</testng-results>
